<?xml version="1.0" encoding="UTF-8"?>
<beans
	xmlns="http://www.springframework.org/schema/beans"
	xmlns:util="http://www.springframework.org/schema/util"
	xmlns:security="http://www.springframework.org/schema/security"
	xmlns:xsi="http://www.w3.org/2001/XMLSchema-instance"
	xsi:schemaLocation="
	http://www.springframework.org/schema/util
	http://www.springframework.org/schema/util/spring-util.xsd  
	http://www.springframework.org/schema/beans
	http://www.springframework.org/schema/beans/spring-beans.xsd  
	http://www.springframework.org/schema/security
	http://www.springframework.org/schema/security/spring-security.xsd"
	>

	<bean id="securityProperties" class="org.springframework.beans.factory.config.PropertiesFactoryBean">
		<property name="locations">
			<list>
				<value>classpath:org/tools/hqlbuilder/webservice/security/security.properties</value>
				<value>file:${user.home}/hqlbuilder/security.properties</value>
			</list>
		</property>
		<property name="ignoreResourceNotFound" value="true" />
	</bean>

</beans>